Analysis & Synthesis report for DE10_LITE_PARCIAL_2
Tue Nov  1 06:53:04 2022
Quartus Prime Version 21.1.1 Build 850 06/23/2022 SJ Lite Edition


---------------------
; Table of Contents ;
---------------------
  1. Legal Notice
  2. Analysis & Synthesis Summary
  3. Analysis & Synthesis Settings
  4. Parallel Compilation
  5. Analysis & Synthesis Source Files Read
  6. Analysis & Synthesis Resource Usage Summary
  7. Analysis & Synthesis Resource Utilization by Entity
  8. State Machine - |DE10_LITE_PARCIAL_2|parcial2:parcial2_inst|abrir
  9. Registers Removed During Synthesis
 10. General Register Statistics
 11. Inverted Register Statistics
 12. Multiplexer Restructuring Statistics (Restructuring Performed)
 13. Post-Synthesis Netlist Statistics for Top Partition
 14. Elapsed Time Per Partition
 15. Analysis & Synthesis Messages
 16. Analysis & Synthesis Suppressed Messages



----------------
; Legal Notice ;
----------------
Copyright (C) 2022  Intel Corporation. All rights reserved.
Your use of Intel Corporation's design tools, logic functions 
and other software and tools, and any partner logic 
functions, and any output files from any of the foregoing 
(including device programming or simulation files), and any 
associated documentation or information are expressly subject 
to the terms and conditions of the Intel Program License 
Subscription Agreement, the Intel Quartus Prime License Agreement,
the Intel FPGA IP License Agreement, or other applicable license
agreement, including, without limitation, that your use is for
the sole purpose of programming logic devices manufactured by
Intel and sold by Intel or its authorized distributors.  Please
refer to the applicable agreement for further details, at
https://fpgasoftware.intel.com/eula.



+----------------------------------------------------------------------------------+
; Analysis & Synthesis Summary                                                     ;
+------------------------------------+---------------------------------------------+
; Analysis & Synthesis Status        ; Successful - Tue Nov  1 06:53:04 2022       ;
; Quartus Prime Version              ; 21.1.1 Build 850 06/23/2022 SJ Lite Edition ;
; Revision Name                      ; DE10_LITE_PARCIAL_2                         ;
; Top-level Entity Name              ; DE10_LITE_PARCIAL_2                         ;
; Family                             ; MAX 10                                      ;
; Total logic elements               ; 252                                         ;
;     Total combinational functions  ; 252                                         ;
;     Dedicated logic registers      ; 147                                         ;
; Total registers                    ; 147                                         ;
; Total pins                         ; 109                                         ;
; Total virtual pins                 ; 0                                           ;
; Total memory bits                  ; 0                                           ;
; Embedded Multiplier 9-bit elements ; 0                                           ;
; Total PLLs                         ; 0                                           ;
; UFM blocks                         ; 0                                           ;
; ADC blocks                         ; 0                                           ;
+------------------------------------+---------------------------------------------+


+--------------------------------------------------------------------------------------------------------------+
; Analysis & Synthesis Settings                                                                                ;
+------------------------------------------------------------------+---------------------+---------------------+
; Option                                                           ; Setting             ; Default Value       ;
+------------------------------------------------------------------+---------------------+---------------------+
; Device                                                           ; 10M50DAF484C7G      ;                     ;
; Top-level entity name                                            ; DE10_LITE_PARCIAL_2 ; DE10_LITE_PARCIAL_2 ;
; Family name                                                      ; MAX 10 FPGA         ; Cyclone V           ;
; Use smart compilation                                            ; Off                 ; Off                 ;
; Enable parallel Assembler and Timing Analyzer during compilation ; On                  ; On                  ;
; Enable compact report table                                      ; Off                 ; Off                 ;
; Restructure Multiplexers                                         ; Auto                ; Auto                ;
; Create Debugging Nodes for IP Cores                              ; Off                 ; Off                 ;
; Preserve fewer node names                                        ; On                  ; On                  ;
; Intel FPGA IP Evaluation Mode                                    ; Enable              ; Enable              ;
; Verilog Version                                                  ; Verilog_2001        ; Verilog_2001        ;
; VHDL Version                                                     ; VHDL_1993           ; VHDL_1993           ;
; State Machine Processing                                         ; Auto                ; Auto                ;
; Safe State Machine                                               ; Off                 ; Off                 ;
; Extract Verilog State Machines                                   ; On                  ; On                  ;
; Extract VHDL State Machines                                      ; On                  ; On                  ;
; Ignore Verilog initial constructs                                ; Off                 ; Off                 ;
; Iteration limit for constant Verilog loops                       ; 5000                ; 5000                ;
; Iteration limit for non-constant Verilog loops                   ; 250                 ; 250                 ;
; Add Pass-Through Logic to Inferred RAMs                          ; On                  ; On                  ;
; Infer RAMs from Raw Logic                                        ; On                  ; On                  ;
; Parallel Synthesis                                               ; On                  ; On                  ;
; DSP Block Balancing                                              ; Auto                ; Auto                ;
; NOT Gate Push-Back                                               ; On                  ; On                  ;
; Power-Up Don't Care                                              ; On                  ; On                  ;
; Remove Redundant Logic Cells                                     ; Off                 ; Off                 ;
; Remove Duplicate Registers                                       ; On                  ; On                  ;
; Ignore CARRY Buffers                                             ; Off                 ; Off                 ;
; Ignore CASCADE Buffers                                           ; Off                 ; Off                 ;
; Ignore GLOBAL Buffers                                            ; Off                 ; Off                 ;
; Ignore ROW GLOBAL Buffers                                        ; Off                 ; Off                 ;
; Ignore LCELL Buffers                                             ; Off                 ; Off                 ;
; Ignore SOFT Buffers                                              ; On                  ; On                  ;
; Limit AHDL Integers to 32 Bits                                   ; Off                 ; Off                 ;
; Optimization Technique                                           ; Balanced            ; Balanced            ;
; Carry Chain Length                                               ; 70                  ; 70                  ;
; Auto Carry Chains                                                ; On                  ; On                  ;
; Auto Open-Drain Pins                                             ; On                  ; On                  ;
; Perform WYSIWYG Primitive Resynthesis                            ; Off                 ; Off                 ;
; Auto ROM Replacement                                             ; On                  ; On                  ;
; Auto RAM Replacement                                             ; On                  ; On                  ;
; Auto DSP Block Replacement                                       ; On                  ; On                  ;
; Auto Shift Register Replacement                                  ; Auto                ; Auto                ;
; Allow Shift Register Merging across Hierarchies                  ; Auto                ; Auto                ;
; Auto Clock Enable Replacement                                    ; On                  ; On                  ;
; Strict RAM Replacement                                           ; Off                 ; Off                 ;
; Allow Synchronous Control Signals                                ; On                  ; On                  ;
; Force Use of Synchronous Clear Signals                           ; Off                 ; Off                 ;
; Auto RAM Block Balancing                                         ; On                  ; On                  ;
; Auto RAM to Logic Cell Conversion                                ; Off                 ; Off                 ;
; Auto Resource Sharing                                            ; Off                 ; Off                 ;
; Allow Any RAM Size For Recognition                               ; Off                 ; Off                 ;
; Allow Any ROM Size For Recognition                               ; Off                 ; Off                 ;
; Allow Any Shift Register Size For Recognition                    ; Off                 ; Off                 ;
; Use LogicLock Constraints during Resource Balancing              ; On                  ; On                  ;
; Ignore translate_off and synthesis_off directives                ; Off                 ; Off                 ;
; Timing-Driven Synthesis                                          ; On                  ; On                  ;
; Report Parameter Settings                                        ; On                  ; On                  ;
; Report Source Assignments                                        ; On                  ; On                  ;
; Report Connectivity Checks                                       ; On                  ; On                  ;
; Ignore Maximum Fan-Out Assignments                               ; Off                 ; Off                 ;
; Synchronization Register Chain Length                            ; 2                   ; 2                   ;
; Power Optimization During Synthesis                              ; Normal compilation  ; Normal compilation  ;
; HDL message level                                                ; Level2              ; Level2              ;
; Suppress Register Optimization Related Messages                  ; Off                 ; Off                 ;
; Number of Removed Registers Reported in Synthesis Report         ; 5000                ; 5000                ;
; Number of Swept Nodes Reported in Synthesis Report               ; 5000                ; 5000                ;
; Number of Inverted Registers Reported in Synthesis Report        ; 100                 ; 100                 ;
; Clock MUX Protection                                             ; On                  ; On                  ;
; Auto Gated Clock Conversion                                      ; Off                 ; Off                 ;
; Block Design Naming                                              ; Auto                ; Auto                ;
; SDC constraint protection                                        ; Off                 ; Off                 ;
; Synthesis Effort                                                 ; Auto                ; Auto                ;
; Shift Register Replacement - Allow Asynchronous Clear Signal     ; On                  ; On                  ;
; Pre-Mapping Resynthesis Optimization                             ; Off                 ; Off                 ;
; Analysis & Synthesis Message Level                               ; Medium              ; Medium              ;
; Disable Register Merging Across Hierarchies                      ; Auto                ; Auto                ;
; Resource Aware Inference For Block RAM                           ; On                  ; On                  ;
+------------------------------------------------------------------+---------------------+---------------------+


+------------------------------------------+
; Parallel Compilation                     ;
+----------------------------+-------------+
; Processors                 ; Number      ;
+----------------------------+-------------+
; Number detected on machine ; 6           ;
; Maximum allowed            ; 6           ;
;                            ;             ;
; Average used               ; 1.00        ;
; Maximum used               ; 6           ;
;                            ;             ;
; Usage by Processor         ; % Time Used ;
;     Processor 1            ; 100.0%      ;
;     Processors 2-6         ;   0.0%      ;
+----------------------------+-------------+


+------------------------------------------------------------------------------------------------------------------------------------------------------------------+
; Analysis & Synthesis Source Files Read                                                                                                                           ;
+----------------------------------+-----------------+------------------------------+--------------------------------------------------------------------+---------+
; File Name with User-Entered Path ; Used in Netlist ; File Type                    ; File Name with Absolute Path                                       ; Library ;
+----------------------------------+-----------------+------------------------------+--------------------------------------------------------------------+---------+
; modulos/parcial2.v               ; yes             ; User Verilog HDL File        ; C:/Users/itsan/OneDrive/Escritorio/PARCIAL_2/modulos/parcial2.v    ;         ;
; de10_lite_parcial_2.v            ; yes             ; Auto-Found Verilog HDL File  ; C:/Users/itsan/OneDrive/Escritorio/PARCIAL_2/de10_lite_parcial_2.v ;         ;
+----------------------------------+-----------------+------------------------------+--------------------------------------------------------------------+---------+


+-------------------------------------------------------------------+
; Analysis & Synthesis Resource Usage Summary                       ;
+---------------------------------------------+---------------------+
; Resource                                    ; Usage               ;
+---------------------------------------------+---------------------+
; Estimated Total logic elements              ; 252                 ;
;                                             ;                     ;
; Total combinational functions               ; 252                 ;
; Logic element usage by number of LUT inputs ;                     ;
;     -- 4 input functions                    ; 84                  ;
;     -- 3 input functions                    ; 25                  ;
;     -- <=2 input functions                  ; 143                 ;
;                                             ;                     ;
; Logic elements by mode                      ;                     ;
;     -- normal mode                          ; 120                 ;
;     -- arithmetic mode                      ; 132                 ;
;                                             ;                     ;
; Total registers                             ; 147                 ;
;     -- Dedicated logic registers            ; 147                 ;
;     -- I/O registers                        ; 0                   ;
;                                             ;                     ;
; I/O pins                                    ; 109                 ;
;                                             ;                     ;
; Embedded Multiplier 9-bit elements          ; 0                   ;
;                                             ;                     ;
; Maximum fan-out node                        ; MAX10_CLK1_50~input ;
; Maximum fan-out                             ; 147                 ;
; Total fan-out                               ; 1422                ;
; Average fan-out                             ; 2.18                ;
+---------------------------------------------+---------------------+


+---------------------------------------------------------------------------------------------------------------------------------------------------------------------------------------------------------------------------------------------------------------------+
; Analysis & Synthesis Resource Utilization by Entity                                                                                                                                                                                                                 ;
+-----------------------------+---------------------+---------------------------+-------------+------------+--------------+---------+-----------+------+--------------+------------+---------------------------------------------+---------------------+--------------+
; Compilation Hierarchy Node  ; Combinational ALUTs ; Dedicated Logic Registers ; Memory Bits ; UFM Blocks ; DSP Elements ; DSP 9x9 ; DSP 18x18 ; Pins ; Virtual Pins ; ADC blocks ; Full Hierarchy Name                         ; Entity Name         ; Library Name ;
+-----------------------------+---------------------+---------------------------+-------------+------------+--------------+---------+-----------+------+--------------+------------+---------------------------------------------+---------------------+--------------+
; |DE10_LITE_PARCIAL_2        ; 252 (0)             ; 147 (0)                   ; 0           ; 0          ; 0            ; 0       ; 0         ; 109  ; 0            ; 0          ; |DE10_LITE_PARCIAL_2                        ; DE10_LITE_PARCIAL_2 ; work         ;
;    |parcial2:parcial2_inst| ; 252 (252)           ; 147 (147)                 ; 0           ; 0          ; 0            ; 0       ; 0         ; 0    ; 0            ; 0          ; |DE10_LITE_PARCIAL_2|parcial2:parcial2_inst ; parcial2            ; work         ;
+-----------------------------+---------------------+---------------------------+-------------+------------+--------------+---------+-----------+------+--------------+------------+---------------------------------------------+---------------------+--------------+
Note: For table entries with two numbers listed, the numbers in parentheses indicate the number of resources of the given type used by the specific entity alone. The numbers listed outside of parentheses indicate the total resources of the given type used by the specific entity and all of its sub-entities in the hierarchy.


Encoding Type:  One-Hot
+-------------------------------------------------------------------+
; State Machine - |DE10_LITE_PARCIAL_2|parcial2:parcial2_inst|abrir ;
+----------------+--------------------------------------------------+
; Name           ; abrir.00000001                                   ;
+----------------+--------------------------------------------------+
; abrir.00000000 ; 0                                                ;
; abrir.00000001 ; 1                                                ;
+----------------+--------------------------------------------------+


+--------------------------------------------------------------------------------------+
; Registers Removed During Synthesis                                                   ;
+----------------------------------------+---------------------------------------------+
; Register name                          ; Reason for Removal                          ;
+----------------------------------------+---------------------------------------------+
; parcial2:parcial2_inst|count[5]        ; Merged with parcial2:parcial2_inst|count[6] ;
; parcial2:parcial2_inst|LEDS[7]         ; Stuck at VCC due to stuck port data_in      ;
; parcial2:parcial2_inst|abrir~4         ; Lost fanout                                 ;
; parcial2:parcial2_inst|abrir~5         ; Lost fanout                                 ;
; parcial2:parcial2_inst|abrir~6         ; Lost fanout                                 ;
; parcial2:parcial2_inst|abrir~7         ; Lost fanout                                 ;
; parcial2:parcial2_inst|abrir~8         ; Lost fanout                                 ;
; parcial2:parcial2_inst|abrir~9         ; Lost fanout                                 ;
; parcial2:parcial2_inst|abrir~10        ; Lost fanout                                 ;
; parcial2:parcial2_inst|count[4]        ; Merged with parcial2:parcial2_inst|count[6] ;
; parcial2:parcial2_inst|count[6]        ; Merged with parcial2:parcial2_inst|count[7] ;
; parcial2:parcial2_inst|count[7]        ; Merged with parcial2:parcial2_inst|count[3] ;
; Total Number of Removed Registers = 12 ;                                             ;
+----------------------------------------+---------------------------------------------+


+------------------------------------------------------+
; General Register Statistics                          ;
+----------------------------------------------+-------+
; Statistic                                    ; Value ;
+----------------------------------------------+-------+
; Total registers                              ; 147   ;
; Number of registers using Synchronous Clear  ; 132   ;
; Number of registers using Synchronous Load   ; 0     ;
; Number of registers using Asynchronous Clear ; 111   ;
; Number of registers using Asynchronous Load  ; 0     ;
; Number of registers using Clock Enable       ; 41    ;
; Number of registers using Preset             ; 0     ;
+----------------------------------------------+-------+


+----------------------------------------------------+
; Inverted Register Statistics                       ;
+------------------------------------------+---------+
; Inverted Register                        ; Fan out ;
+------------------------------------------+---------+
; parcial2:parcial2_inst|LEDS[6]           ; 2       ;
; parcial2:parcial2_inst|button_state      ; 2       ;
; parcial2:parcial2_inst|button_state_rest ; 2       ;
; Total number of inverted registers = 3   ;         ;
+------------------------------------------+---------+


+---------------------------------------------------------------------------------------------------------------------------------------------------------------------------------------+
; Multiplexer Restructuring Statistics (Restructuring Performed)                                                                                                                        ;
+--------------------+-----------+---------------+----------------------+------------------------+------------+-------------------------------------------------------------------------+
; Multiplexer Inputs ; Bus Width ; Baseline Area ; Area if Restructured ; Saving if Restructured ; Registered ; Example Multiplexer Output                                              ;
+--------------------+-----------+---------------+----------------------+------------------------+------------+-------------------------------------------------------------------------+
; 3:1                ; 25 bits   ; 50 LEs        ; 25 LEs               ; 25 LEs                 ; Yes        ; |DE10_LITE_PARCIAL_2|parcial2:parcial2_inst|counter_not_pressed[4]      ;
; 3:1                ; 25 bits   ; 50 LEs        ; 25 LEs               ; 25 LEs                 ; Yes        ; |DE10_LITE_PARCIAL_2|parcial2:parcial2_inst|counter_not_pressed_rest[4] ;
; 3:1                ; 32 bits   ; 64 LEs        ; 32 LEs               ; 32 LEs                 ; Yes        ; |DE10_LITE_PARCIAL_2|parcial2:parcial2_inst|cont[20]                    ;
; 3:1                ; 25 bits   ; 50 LEs        ; 25 LEs               ; 25 LEs                 ; Yes        ; |DE10_LITE_PARCIAL_2|parcial2:parcial2_inst|counter_pressed[21]         ;
; 3:1                ; 25 bits   ; 50 LEs        ; 25 LEs               ; 25 LEs                 ; Yes        ; |DE10_LITE_PARCIAL_2|parcial2:parcial2_inst|counter_pressed_rest[20]    ;
; 264:1              ; 6 bits    ; 1056 LEs      ; 54 LEs               ; 1002 LEs               ; Yes        ; |DE10_LITE_PARCIAL_2|parcial2:parcial2_inst|LEDS[0]                     ;
; 4:1                ; 2 bits    ; 4 LEs         ; 4 LEs                ; 0 LEs                  ; No         ; |DE10_LITE_PARCIAL_2|parcial2:parcial2_inst|abrir.00000000              ;
+--------------------+-----------+---------------+----------------------+------------------------+------------+-------------------------------------------------------------------------+


+-----------------------------------------------------+
; Post-Synthesis Netlist Statistics for Top Partition ;
+-----------------------+-----------------------------+
; Type                  ; Count                       ;
+-----------------------+-----------------------------+
; boundary_port         ; 109                         ;
; cycloneiii_ff         ; 147                         ;
;     CLR               ; 5                           ;
;     CLR SCLR          ; 100                         ;
;     ENA               ; 3                           ;
;     ENA CLR           ; 6                           ;
;     ENA SCLR          ; 32                          ;
;     plain             ; 1                           ;
; cycloneiii_io_obuf    ; 36                          ;
; cycloneiii_lcell_comb ; 255                         ;
;     arith             ; 132                         ;
;         2 data inputs ; 132                         ;
;     normal            ; 123                         ;
;         0 data inputs ; 2                           ;
;         1 data inputs ; 7                           ;
;         2 data inputs ; 5                           ;
;         3 data inputs ; 25                          ;
;         4 data inputs ; 84                          ;
;                       ;                             ;
; Max LUT depth         ; 9.00                        ;
; Average LUT depth     ; 4.27                        ;
+-----------------------+-----------------------------+


+-------------------------------+
; Elapsed Time Per Partition    ;
+----------------+--------------+
; Partition Name ; Elapsed Time ;
+----------------+--------------+
; Top            ; 00:00:02     ;
+----------------+--------------+


+-------------------------------+
; Analysis & Synthesis Messages ;
+-------------------------------+
Info: *******************************************************************
Info: Running Quartus Prime Analysis & Synthesis
    Info: Version 21.1.1 Build 850 06/23/2022 SJ Lite Edition
    Info: Processing started: Tue Nov  1 06:52:50 2022
Info: Command: quartus_map --read_settings_files=on --write_settings_files=off DE10_LITE_PARCIAL_2 -c DE10_LITE_PARCIAL_2
Warning (18236): Number of processors has not been specified which may cause overloading on shared machines.  Set the global assignment NUM_PARALLEL_PROCESSORS in your QSF to an appropriate value for best performance.
Info (20030): Parallel compilation is enabled and will use 6 of the 6 processors detected
Info (12021): Found 1 design units, including 1 entities, in source file modulos/parcial2.v
    Info (12023): Found entity 1: parcial2 File: C:/Users/itsan/OneDrive/Escritorio/PARCIAL_2/modulos/parcial2.v Line: 2
Info (12021): Found 1 design units, including 1 entities, in source file modulos/puerta.v
    Info (12023): Found entity 1: pwm File: C:/Users/itsan/OneDrive/Escritorio/PARCIAL_2/modulos/puerta.v Line: 1
Warning (12125): Using design file de10_lite_parcial_2.v, which is not specified as a design file for the current project, but contains definitions for 1 design units and 1 entities in project
    Info (12023): Found entity 1: DE10_LITE_PARCIAL_2 File: C:/Users/itsan/OneDrive/Escritorio/PARCIAL_2/de10_lite_parcial_2.v Line: 6
Info (12127): Elaborating entity "DE10_LITE_PARCIAL_2" for the top level hierarchy
Warning (10034): Output port "HEX2" at de10_lite_parcial_2.v(16) has no driver File: C:/Users/itsan/OneDrive/Escritorio/PARCIAL_2/de10_lite_parcial_2.v Line: 16
Warning (10034): Output port "HEX3" at de10_lite_parcial_2.v(17) has no driver File: C:/Users/itsan/OneDrive/Escritorio/PARCIAL_2/de10_lite_parcial_2.v Line: 17
Warning (10034): Output port "HEX4" at de10_lite_parcial_2.v(18) has no driver File: C:/Users/itsan/OneDrive/Escritorio/PARCIAL_2/de10_lite_parcial_2.v Line: 18
Warning (10034): Output port "HEX5" at de10_lite_parcial_2.v(19) has no driver File: C:/Users/itsan/OneDrive/Escritorio/PARCIAL_2/de10_lite_parcial_2.v Line: 19
Warning (10034): Output port "LEDR" at de10_lite_parcial_2.v(25) has no driver File: C:/Users/itsan/OneDrive/Escritorio/PARCIAL_2/de10_lite_parcial_2.v Line: 25
Info (12128): Elaborating entity "parcial2" for hierarchy "parcial2:parcial2_inst" File: C:/Users/itsan/OneDrive/Escritorio/PARCIAL_2/de10_lite_parcial_2.v Line: 58
Warning (10230): Verilog HDL assignment warning at parcial2.v(68): truncated value with size 32 to match size of target (8) File: C:/Users/itsan/OneDrive/Escritorio/PARCIAL_2/modulos/parcial2.v Line: 68
Warning (10230): Verilog HDL assignment warning at parcial2.v(145): truncated value with size 32 to match size of target (8) File: C:/Users/itsan/OneDrive/Escritorio/PARCIAL_2/modulos/parcial2.v Line: 145
Warning (10240): Verilog HDL Always Construct warning at parcial2.v(36): inferring latch(es) for variable "count_dec", which holds its previous value in one or more paths through the always construct File: C:/Users/itsan/OneDrive/Escritorio/PARCIAL_2/modulos/parcial2.v Line: 36
Warning (10240): Verilog HDL Always Construct warning at parcial2.v(36): inferring latch(es) for variable "LEDS_DEC", which holds its previous value in one or more paths through the always construct File: C:/Users/itsan/OneDrive/Escritorio/PARCIAL_2/modulos/parcial2.v Line: 36
Info (10041): Inferred latch for "LEDS_DEC[0]" at parcial2.v(36) File: C:/Users/itsan/OneDrive/Escritorio/PARCIAL_2/modulos/parcial2.v Line: 36
Info (10041): Inferred latch for "LEDS_DEC[1]" at parcial2.v(36) File: C:/Users/itsan/OneDrive/Escritorio/PARCIAL_2/modulos/parcial2.v Line: 36
Info (10041): Inferred latch for "LEDS_DEC[2]" at parcial2.v(36) File: C:/Users/itsan/OneDrive/Escritorio/PARCIAL_2/modulos/parcial2.v Line: 36
Info (10041): Inferred latch for "LEDS_DEC[3]" at parcial2.v(36) File: C:/Users/itsan/OneDrive/Escritorio/PARCIAL_2/modulos/parcial2.v Line: 36
Info (10041): Inferred latch for "LEDS_DEC[4]" at parcial2.v(36) File: C:/Users/itsan/OneDrive/Escritorio/PARCIAL_2/modulos/parcial2.v Line: 36
Info (10041): Inferred latch for "LEDS_DEC[5]" at parcial2.v(36) File: C:/Users/itsan/OneDrive/Escritorio/PARCIAL_2/modulos/parcial2.v Line: 36
Info (10041): Inferred latch for "LEDS_DEC[6]" at parcial2.v(36) File: C:/Users/itsan/OneDrive/Escritorio/PARCIAL_2/modulos/parcial2.v Line: 36
Info (10041): Inferred latch for "LEDS_DEC[7]" at parcial2.v(36) File: C:/Users/itsan/OneDrive/Escritorio/PARCIAL_2/modulos/parcial2.v Line: 36
Info (10041): Inferred latch for "count_dec.00000000" at parcial2.v(56) File: C:/Users/itsan/OneDrive/Escritorio/PARCIAL_2/modulos/parcial2.v Line: 56
Warning (13034): The following nodes have both tri-state and non-tri-state drivers
    Warning (13035): Inserted always-enabled tri-state buffer between "GPIO[2]" and its non-tri-state driver. File: C:/Users/itsan/OneDrive/Escritorio/PARCIAL_2/de10_lite_parcial_2.v Line: 32
Warning (13039): The following bidirectional pins have no drivers
    Warning (13040): bidirectional pin "GPIO[0]" has no driver File: C:/Users/itsan/OneDrive/Escritorio/PARCIAL_2/de10_lite_parcial_2.v Line: 32
    Warning (13040): bidirectional pin "GPIO[1]" has no driver File: C:/Users/itsan/OneDrive/Escritorio/PARCIAL_2/de10_lite_parcial_2.v Line: 32
    Warning (13040): bidirectional pin "GPIO[3]" has no driver File: C:/Users/itsan/OneDrive/Escritorio/PARCIAL_2/de10_lite_parcial_2.v Line: 32
    Warning (13040): bidirectional pin "GPIO[4]" has no driver File: C:/Users/itsan/OneDrive/Escritorio/PARCIAL_2/de10_lite_parcial_2.v Line: 32
    Warning (13040): bidirectional pin "GPIO[5]" has no driver File: C:/Users/itsan/OneDrive/Escritorio/PARCIAL_2/de10_lite_parcial_2.v Line: 32
    Warning (13040): bidirectional pin "GPIO[6]" has no driver File: C:/Users/itsan/OneDrive/Escritorio/PARCIAL_2/de10_lite_parcial_2.v Line: 32
    Warning (13040): bidirectional pin "GPIO[7]" has no driver File: C:/Users/itsan/OneDrive/Escritorio/PARCIAL_2/de10_lite_parcial_2.v Line: 32
    Warning (13040): bidirectional pin "GPIO[8]" has no driver File: C:/Users/itsan/OneDrive/Escritorio/PARCIAL_2/de10_lite_parcial_2.v Line: 32
    Warning (13040): bidirectional pin "GPIO[9]" has no driver File: C:/Users/itsan/OneDrive/Escritorio/PARCIAL_2/de10_lite_parcial_2.v Line: 32
    Warning (13040): bidirectional pin "GPIO[10]" has no driver File: C:/Users/itsan/OneDrive/Escritorio/PARCIAL_2/de10_lite_parcial_2.v Line: 32
    Warning (13040): bidirectional pin "GPIO[11]" has no driver File: C:/Users/itsan/OneDrive/Escritorio/PARCIAL_2/de10_lite_parcial_2.v Line: 32
    Warning (13040): bidirectional pin "GPIO[12]" has no driver File: C:/Users/itsan/OneDrive/Escritorio/PARCIAL_2/de10_lite_parcial_2.v Line: 32
    Warning (13040): bidirectional pin "GPIO[13]" has no driver File: C:/Users/itsan/OneDrive/Escritorio/PARCIAL_2/de10_lite_parcial_2.v Line: 32
    Warning (13040): bidirectional pin "GPIO[14]" has no driver File: C:/Users/itsan/OneDrive/Escritorio/PARCIAL_2/de10_lite_parcial_2.v Line: 32
    Warning (13040): bidirectional pin "GPIO[15]" has no driver File: C:/Users/itsan/OneDrive/Escritorio/PARCIAL_2/de10_lite_parcial_2.v Line: 32
    Warning (13040): bidirectional pin "GPIO[16]" has no driver File: C:/Users/itsan/OneDrive/Escritorio/PARCIAL_2/de10_lite_parcial_2.v Line: 32
    Warning (13040): bidirectional pin "GPIO[17]" has no driver File: C:/Users/itsan/OneDrive/Escritorio/PARCIAL_2/de10_lite_parcial_2.v Line: 32
    Warning (13040): bidirectional pin "GPIO[18]" has no driver File: C:/Users/itsan/OneDrive/Escritorio/PARCIAL_2/de10_lite_parcial_2.v Line: 32
    Warning (13040): bidirectional pin "GPIO[19]" has no driver File: C:/Users/itsan/OneDrive/Escritorio/PARCIAL_2/de10_lite_parcial_2.v Line: 32
    Warning (13040): bidirectional pin "GPIO[20]" has no driver File: C:/Users/itsan/OneDrive/Escritorio/PARCIAL_2/de10_lite_parcial_2.v Line: 32
    Warning (13040): bidirectional pin "GPIO[21]" has no driver File: C:/Users/itsan/OneDrive/Escritorio/PARCIAL_2/de10_lite_parcial_2.v Line: 32
    Warning (13040): bidirectional pin "GPIO[22]" has no driver File: C:/Users/itsan/OneDrive/Escritorio/PARCIAL_2/de10_lite_parcial_2.v Line: 32
    Warning (13040): bidirectional pin "GPIO[23]" has no driver File: C:/Users/itsan/OneDrive/Escritorio/PARCIAL_2/de10_lite_parcial_2.v Line: 32
    Warning (13040): bidirectional pin "GPIO[24]" has no driver File: C:/Users/itsan/OneDrive/Escritorio/PARCIAL_2/de10_lite_parcial_2.v Line: 32
    Warning (13040): bidirectional pin "GPIO[25]" has no driver File: C:/Users/itsan/OneDrive/Escritorio/PARCIAL_2/de10_lite_parcial_2.v Line: 32
    Warning (13040): bidirectional pin "GPIO[26]" has no driver File: C:/Users/itsan/OneDrive/Escritorio/PARCIAL_2/de10_lite_parcial_2.v Line: 32
    Warning (13040): bidirectional pin "GPIO[27]" has no driver File: C:/Users/itsan/OneDrive/Escritorio/PARCIAL_2/de10_lite_parcial_2.v Line: 32
    Warning (13040): bidirectional pin "GPIO[28]" has no driver File: C:/Users/itsan/OneDrive/Escritorio/PARCIAL_2/de10_lite_parcial_2.v Line: 32
    Warning (13040): bidirectional pin "GPIO[29]" has no driver File: C:/Users/itsan/OneDrive/Escritorio/PARCIAL_2/de10_lite_parcial_2.v Line: 32
    Warning (13040): bidirectional pin "GPIO[30]" has no driver File: C:/Users/itsan/OneDrive/Escritorio/PARCIAL_2/de10_lite_parcial_2.v Line: 32
    Warning (13040): bidirectional pin "GPIO[31]" has no driver File: C:/Users/itsan/OneDrive/Escritorio/PARCIAL_2/de10_lite_parcial_2.v Line: 32
    Warning (13040): bidirectional pin "GPIO[32]" has no driver File: C:/Users/itsan/OneDrive/Escritorio/PARCIAL_2/de10_lite_parcial_2.v Line: 32
    Warning (13040): bidirectional pin "GPIO[33]" has no driver File: C:/Users/itsan/OneDrive/Escritorio/PARCIAL_2/de10_lite_parcial_2.v Line: 32
    Warning (13040): bidirectional pin "GPIO[34]" has no driver File: C:/Users/itsan/OneDrive/Escritorio/PARCIAL_2/de10_lite_parcial_2.v Line: 32
    Warning (13040): bidirectional pin "GPIO[35]" has no driver File: C:/Users/itsan/OneDrive/Escritorio/PARCIAL_2/de10_lite_parcial_2.v Line: 32
Info (13000): Registers with preset signals will power-up high File: C:/Users/itsan/OneDrive/Escritorio/PARCIAL_2/modulos/parcial2.v Line: 56
Info (13003): DEV_CLRn pin will set, and not reset, register with preset signal due to NOT Gate Push-Back
Warning (13009): TRI or OPNDRN buffers permanently enabled
    Warning (13010): Node "GPIO[2]~synth" File: C:/Users/itsan/OneDrive/Escritorio/PARCIAL_2/de10_lite_parcial_2.v Line: 32
Warning (13024): Output pins are stuck at VCC or GND
    Warning (13410): Pin "HEX0[7]" is stuck at VCC File: C:/Users/itsan/OneDrive/Escritorio/PARCIAL_2/de10_lite_parcial_2.v Line: 14
    Warning (13410): Pin "HEX1[0]" is stuck at GND File: C:/Users/itsan/OneDrive/Escritorio/PARCIAL_2/de10_lite_parcial_2.v Line: 15
    Warning (13410): Pin "HEX1[1]" is stuck at GND File: C:/Users/itsan/OneDrive/Escritorio/PARCIAL_2/de10_lite_parcial_2.v Line: 15
    Warning (13410): Pin "HEX1[2]" is stuck at GND File: C:/Users/itsan/OneDrive/Escritorio/PARCIAL_2/de10_lite_parcial_2.v Line: 15
    Warning (13410): Pin "HEX1[3]" is stuck at GND File: C:/Users/itsan/OneDrive/Escritorio/PARCIAL_2/de10_lite_parcial_2.v Line: 15
    Warning (13410): Pin "HEX1[4]" is stuck at GND File: C:/Users/itsan/OneDrive/Escritorio/PARCIAL_2/de10_lite_parcial_2.v Line: 15
    Warning (13410): Pin "HEX1[5]" is stuck at GND File: C:/Users/itsan/OneDrive/Escritorio/PARCIAL_2/de10_lite_parcial_2.v Line: 15
    Warning (13410): Pin "HEX1[6]" is stuck at VCC File: C:/Users/itsan/OneDrive/Escritorio/PARCIAL_2/de10_lite_parcial_2.v Line: 15
    Warning (13410): Pin "HEX1[7]" is stuck at VCC File: C:/Users/itsan/OneDrive/Escritorio/PARCIAL_2/de10_lite_parcial_2.v Line: 15
    Warning (13410): Pin "HEX2[0]" is stuck at GND File: C:/Users/itsan/OneDrive/Escritorio/PARCIAL_2/de10_lite_parcial_2.v Line: 16
    Warning (13410): Pin "HEX2[1]" is stuck at GND File: C:/Users/itsan/OneDrive/Escritorio/PARCIAL_2/de10_lite_parcial_2.v Line: 16
    Warning (13410): Pin "HEX2[2]" is stuck at GND File: C:/Users/itsan/OneDrive/Escritorio/PARCIAL_2/de10_lite_parcial_2.v Line: 16
    Warning (13410): Pin "HEX2[3]" is stuck at GND File: C:/Users/itsan/OneDrive/Escritorio/PARCIAL_2/de10_lite_parcial_2.v Line: 16
    Warning (13410): Pin "HEX2[4]" is stuck at GND File: C:/Users/itsan/OneDrive/Escritorio/PARCIAL_2/de10_lite_parcial_2.v Line: 16
    Warning (13410): Pin "HEX2[5]" is stuck at GND File: C:/Users/itsan/OneDrive/Escritorio/PARCIAL_2/de10_lite_parcial_2.v Line: 16
    Warning (13410): Pin "HEX2[6]" is stuck at GND File: C:/Users/itsan/OneDrive/Escritorio/PARCIAL_2/de10_lite_parcial_2.v Line: 16
    Warning (13410): Pin "HEX2[7]" is stuck at GND File: C:/Users/itsan/OneDrive/Escritorio/PARCIAL_2/de10_lite_parcial_2.v Line: 16
    Warning (13410): Pin "HEX3[0]" is stuck at GND File: C:/Users/itsan/OneDrive/Escritorio/PARCIAL_2/de10_lite_parcial_2.v Line: 17
    Warning (13410): Pin "HEX3[1]" is stuck at GND File: C:/Users/itsan/OneDrive/Escritorio/PARCIAL_2/de10_lite_parcial_2.v Line: 17
    Warning (13410): Pin "HEX3[2]" is stuck at GND File: C:/Users/itsan/OneDrive/Escritorio/PARCIAL_2/de10_lite_parcial_2.v Line: 17
    Warning (13410): Pin "HEX3[3]" is stuck at GND File: C:/Users/itsan/OneDrive/Escritorio/PARCIAL_2/de10_lite_parcial_2.v Line: 17
    Warning (13410): Pin "HEX3[4]" is stuck at GND File: C:/Users/itsan/OneDrive/Escritorio/PARCIAL_2/de10_lite_parcial_2.v Line: 17
    Warning (13410): Pin "HEX3[5]" is stuck at GND File: C:/Users/itsan/OneDrive/Escritorio/PARCIAL_2/de10_lite_parcial_2.v Line: 17
    Warning (13410): Pin "HEX3[6]" is stuck at GND File: C:/Users/itsan/OneDrive/Escritorio/PARCIAL_2/de10_lite_parcial_2.v Line: 17
    Warning (13410): Pin "HEX3[7]" is stuck at GND File: C:/Users/itsan/OneDrive/Escritorio/PARCIAL_2/de10_lite_parcial_2.v Line: 17
    Warning (13410): Pin "HEX4[0]" is stuck at GND File: C:/Users/itsan/OneDrive/Escritorio/PARCIAL_2/de10_lite_parcial_2.v Line: 18
    Warning (13410): Pin "HEX4[1]" is stuck at GND File: C:/Users/itsan/OneDrive/Escritorio/PARCIAL_2/de10_lite_parcial_2.v Line: 18
    Warning (13410): Pin "HEX4[2]" is stuck at GND File: C:/Users/itsan/OneDrive/Escritorio/PARCIAL_2/de10_lite_parcial_2.v Line: 18
    Warning (13410): Pin "HEX4[3]" is stuck at GND File: C:/Users/itsan/OneDrive/Escritorio/PARCIAL_2/de10_lite_parcial_2.v Line: 18
    Warning (13410): Pin "HEX4[4]" is stuck at GND File: C:/Users/itsan/OneDrive/Escritorio/PARCIAL_2/de10_lite_parcial_2.v Line: 18
    Warning (13410): Pin "HEX4[5]" is stuck at GND File: C:/Users/itsan/OneDrive/Escritorio/PARCIAL_2/de10_lite_parcial_2.v Line: 18
    Warning (13410): Pin "HEX4[6]" is stuck at GND File: C:/Users/itsan/OneDrive/Escritorio/PARCIAL_2/de10_lite_parcial_2.v Line: 18
    Warning (13410): Pin "HEX4[7]" is stuck at GND File: C:/Users/itsan/OneDrive/Escritorio/PARCIAL_2/de10_lite_parcial_2.v Line: 18
    Warning (13410): Pin "HEX5[0]" is stuck at GND File: C:/Users/itsan/OneDrive/Escritorio/PARCIAL_2/de10_lite_parcial_2.v Line: 19
    Warning (13410): Pin "HEX5[1]" is stuck at GND File: C:/Users/itsan/OneDrive/Escritorio/PARCIAL_2/de10_lite_parcial_2.v Line: 19
    Warning (13410): Pin "HEX5[2]" is stuck at GND File: C:/Users/itsan/OneDrive/Escritorio/PARCIAL_2/de10_lite_parcial_2.v Line: 19
    Warning (13410): Pin "HEX5[3]" is stuck at GND File: C:/Users/itsan/OneDrive/Escritorio/PARCIAL_2/de10_lite_parcial_2.v Line: 19
    Warning (13410): Pin "HEX5[4]" is stuck at GND File: C:/Users/itsan/OneDrive/Escritorio/PARCIAL_2/de10_lite_parcial_2.v Line: 19
    Warning (13410): Pin "HEX5[5]" is stuck at GND File: C:/Users/itsan/OneDrive/Escritorio/PARCIAL_2/de10_lite_parcial_2.v Line: 19
    Warning (13410): Pin "HEX5[6]" is stuck at GND File: C:/Users/itsan/OneDrive/Escritorio/PARCIAL_2/de10_lite_parcial_2.v Line: 19
    Warning (13410): Pin "HEX5[7]" is stuck at GND File: C:/Users/itsan/OneDrive/Escritorio/PARCIAL_2/de10_lite_parcial_2.v Line: 19
    Warning (13410): Pin "LEDR[0]" is stuck at GND File: C:/Users/itsan/OneDrive/Escritorio/PARCIAL_2/de10_lite_parcial_2.v Line: 25
    Warning (13410): Pin "LEDR[1]" is stuck at GND File: C:/Users/itsan/OneDrive/Escritorio/PARCIAL_2/de10_lite_parcial_2.v Line: 25
    Warning (13410): Pin "LEDR[2]" is stuck at GND File: C:/Users/itsan/OneDrive/Escritorio/PARCIAL_2/de10_lite_parcial_2.v Line: 25
    Warning (13410): Pin "LEDR[3]" is stuck at GND File: C:/Users/itsan/OneDrive/Escritorio/PARCIAL_2/de10_lite_parcial_2.v Line: 25
    Warning (13410): Pin "LEDR[4]" is stuck at GND File: C:/Users/itsan/OneDrive/Escritorio/PARCIAL_2/de10_lite_parcial_2.v Line: 25
    Warning (13410): Pin "LEDR[5]" is stuck at GND File: C:/Users/itsan/OneDrive/Escritorio/PARCIAL_2/de10_lite_parcial_2.v Line: 25
    Warning (13410): Pin "LEDR[6]" is stuck at GND File: C:/Users/itsan/OneDrive/Escritorio/PARCIAL_2/de10_lite_parcial_2.v Line: 25
    Warning (13410): Pin "LEDR[7]" is stuck at GND File: C:/Users/itsan/OneDrive/Escritorio/PARCIAL_2/de10_lite_parcial_2.v Line: 25
    Warning (13410): Pin "LEDR[8]" is stuck at GND File: C:/Users/itsan/OneDrive/Escritorio/PARCIAL_2/de10_lite_parcial_2.v Line: 25
    Warning (13410): Pin "LEDR[9]" is stuck at GND File: C:/Users/itsan/OneDrive/Escritorio/PARCIAL_2/de10_lite_parcial_2.v Line: 25
Info (286030): Timing-Driven Synthesis is running
Info (17049): 7 registers lost all their fanouts during netlist optimizations.
Info (144001): Generated suppressed messages file C:/Users/itsan/OneDrive/Escritorio/PARCIAL_2/DE10_LITE_PARCIAL_2.map.smsg
Info (16010): Generating hard_block partition "hard_block:auto_generated_inst"
    Info (16011): Adding 0 node(s), including 0 DDIO, 0 PLL, 0 transceiver and 0 LCELL
Warning (21074): Design contains 13 input pin(s) that do not drive logic
    Warning (15610): No output dependent on input pin "ADC_CLK_10" File: C:/Users/itsan/OneDrive/Escritorio/PARCIAL_2/de10_lite_parcial_2.v Line: 9
    Warning (15610): No output dependent on input pin "MAX10_CLK2_50" File: C:/Users/itsan/OneDrive/Escritorio/PARCIAL_2/de10_lite_parcial_2.v Line: 11
    Warning (15610): No output dependent on input pin "KEY[1]" File: C:/Users/itsan/OneDrive/Escritorio/PARCIAL_2/de10_lite_parcial_2.v Line: 22
    Warning (15610): No output dependent on input pin "SW[0]" File: C:/Users/itsan/OneDrive/Escritorio/PARCIAL_2/de10_lite_parcial_2.v Line: 28
    Warning (15610): No output dependent on input pin "SW[1]" File: C:/Users/itsan/OneDrive/Escritorio/PARCIAL_2/de10_lite_parcial_2.v Line: 28
    Warning (15610): No output dependent on input pin "SW[2]" File: C:/Users/itsan/OneDrive/Escritorio/PARCIAL_2/de10_lite_parcial_2.v Line: 28
    Warning (15610): No output dependent on input pin "SW[3]" File: C:/Users/itsan/OneDrive/Escritorio/PARCIAL_2/de10_lite_parcial_2.v Line: 28
    Warning (15610): No output dependent on input pin "SW[4]" File: C:/Users/itsan/OneDrive/Escritorio/PARCIAL_2/de10_lite_parcial_2.v Line: 28
    Warning (15610): No output dependent on input pin "SW[5]" File: C:/Users/itsan/OneDrive/Escritorio/PARCIAL_2/de10_lite_parcial_2.v Line: 28
    Warning (15610): No output dependent on input pin "SW[6]" File: C:/Users/itsan/OneDrive/Escritorio/PARCIAL_2/de10_lite_parcial_2.v Line: 28
    Warning (15610): No output dependent on input pin "SW[7]" File: C:/Users/itsan/OneDrive/Escritorio/PARCIAL_2/de10_lite_parcial_2.v Line: 28
    Warning (15610): No output dependent on input pin "SW[8]" File: C:/Users/itsan/OneDrive/Escritorio/PARCIAL_2/de10_lite_parcial_2.v Line: 28
    Warning (15610): No output dependent on input pin "SW[9]" File: C:/Users/itsan/OneDrive/Escritorio/PARCIAL_2/de10_lite_parcial_2.v Line: 28
Info (21057): Implemented 363 device resources after synthesis - the final resource count might be different
    Info (21058): Implemented 15 input pins
    Info (21059): Implemented 58 output pins
    Info (21060): Implemented 36 bidirectional pins
    Info (21061): Implemented 254 logic cells
Info: Quartus Prime Analysis & Synthesis was successful. 0 errors, 117 warnings
    Info: Peak virtual memory: 4793 megabytes
    Info: Processing ended: Tue Nov  1 06:53:04 2022
    Info: Elapsed time: 00:00:14
    Info: Total CPU time (on all processors): 00:00:26


+------------------------------------------+
; Analysis & Synthesis Suppressed Messages ;
+------------------------------------------+
The suppressed messages can be found in C:/Users/itsan/OneDrive/Escritorio/PARCIAL_2/DE10_LITE_PARCIAL_2.map.smsg.


